2025-10-23T18:16:18.400-04:00  INFO 8800 --- [PokemonBoot] [SpringApplicationShutdownHook] com.zaxxer.hikari.HikariDataSource       : HikariPool-1 - Shutdown completed.
2025-10-23T18:16:23.495-04:00  INFO 2348 --- [PokemonBoot] [restartedMain] o.y.pokemonboot.PokemonBootApplication   : Starting PokemonBootApplication using Java 25 with PID 2348 (C:\Users\Yash\IdeaProjects\PokemonBoot\target\classes started by Yash in C:\Users\Yash\IdeaProjects\PokemonBoot)
2025-10-23T18:16:23.498-04:00  INFO 2348 --- [PokemonBoot] [restartedMain] o.y.pokemonboot.PokemonBootApplication   : No active profile set, falling back to 1 default profile: "default"
2025-10-23T18:16:23.553-04:00  INFO 2348 --- [PokemonBoot] [restartedMain] .e.DevToolsPropertyDefaultsPostProcessor : Devtools property defaults active! Set 'spring.devtools.add-properties' to 'false' to disable
2025-10-23T18:16:23.554-04:00  INFO 2348 --- [PokemonBoot] [restartedMain] .e.DevToolsPropertyDefaultsPostProcessor : For additional web related logging consider setting the 'logging.level.web' property to 'DEBUG'
2025-10-23T18:16:24.201-04:00  INFO 2348 --- [PokemonBoot] [restartedMain] .s.d.r.c.RepositoryConfigurationDelegate : Bootstrapping Spring Data JPA repositories in DEFAULT mode.
2025-10-23T18:16:24.258-04:00  INFO 2348 --- [PokemonBoot] [restartedMain] .s.d.r.c.RepositoryConfigurationDelegate : Finished Spring Data repository scanning in 49 ms. Found 2 JPA repository interfaces.
2025-10-23T18:16:24.799-04:00  INFO 2348 --- [PokemonBoot] [restartedMain] o.s.b.w.embedded.tomcat.TomcatWebServer  : Tomcat initialized with port 8080 (http)
2025-10-23T18:16:24.812-04:00  INFO 2348 --- [PokemonBoot] [restartedMain] o.apache.catalina.core.StandardService   : Starting service [Tomcat]
2025-10-23T18:16:24.812-04:00  INFO 2348 --- [PokemonBoot] [restartedMain] o.apache.catalina.core.StandardEngine    : Starting Servlet engine: [Apache Tomcat/10.1.46]
2025-10-23T18:16:24.852-04:00  INFO 2348 --- [PokemonBoot] [restartedMain] o.a.c.c.C.[Tomcat].[localhost].[/]       : Initializing Spring embedded WebApplicationContext
2025-10-23T18:16:24.853-04:00  INFO 2348 --- [PokemonBoot] [restartedMain] w.s.c.ServletWebServerApplicationContext : Root WebApplicationContext: initialization completed in 1298 ms
2025-10-23T18:16:24.988-04:00  INFO 2348 --- [PokemonBoot] [restartedMain] o.hibernate.jpa.internal.util.LogHelper  : HHH000204: Processing PersistenceUnitInfo [name: default]
2025-10-23T18:16:25.039-04:00  INFO 2348 --- [PokemonBoot] [restartedMain] org.hibernate.Version                    : HHH000412: Hibernate ORM core version 6.6.29.Final
2025-10-23T18:16:25.081-04:00  INFO 2348 --- [PokemonBoot] [restartedMain] o.h.c.internal.RegionFactoryInitiator    : HHH000026: Second-level cache disabled
2025-10-23T18:16:25.336-04:00  INFO 2348 --- [PokemonBoot] [restartedMain] o.s.o.j.p.SpringPersistenceUnitInfo      : No LoadTimeWeaver setup: ignoring JPA class transformer
2025-10-23T18:16:25.362-04:00  INFO 2348 --- [PokemonBoot] [restartedMain] com.zaxxer.hikari.HikariDataSource       : HikariPool-1 - Starting...
2025-10-23T18:16:25.680-04:00  INFO 2348 --- [PokemonBoot] [restartedMain] com.zaxxer.hikari.pool.HikariPool        : HikariPool-1 - Added connection com.mysql.cj.jdbc.ConnectionImpl@5575c1de
2025-10-23T18:16:25.681-04:00  INFO 2348 --- [PokemonBoot] [restartedMain] com.zaxxer.hikari.HikariDataSource       : HikariPool-1 - Start completed.
2025-10-23T18:16:25.722-04:00  WARN 2348 --- [PokemonBoot] [restartedMain] org.hibernate.orm.deprecation            : HHH90000025: MySQLDialect does not need to be specified explicitly using 'hibernate.dialect' (remove the property setting and it will be selected by default)
2025-10-23T18:16:25.736-04:00  INFO 2348 --- [PokemonBoot] [restartedMain] org.hibernate.orm.connections.pooling    : HHH10001005: Database info:
	Database JDBC URL [Connecting through datasource 'HikariDataSource (HikariPool-1)']
	Database driver: undefined/unknown
	Database version: 8.0.43
	Autocommit mode: undefined/unknown
	Isolation level: undefined/unknown
	Minimum pool size: undefined/unknown
	Maximum pool size: undefined/unknown
2025-10-23T18:16:26.471-04:00  INFO 2348 --- [PokemonBoot] [restartedMain] o.h.e.t.j.p.i.JtaPlatformInitiator       : HHH000489: No JTA platform available (set 'hibernate.transaction.jta.platform' to enable JTA platform integration)
2025-10-23T18:16:26.533-04:00  INFO 2348 --- [PokemonBoot] [restartedMain] j.LocalContainerEntityManagerFactoryBean : Initialized JPA EntityManagerFactory for persistence unit 'default'
2025-10-23T18:16:26.904-04:00  WARN 2348 --- [PokemonBoot] [restartedMain] JpaBaseConfiguration$JpaWebConfiguration : spring.jpa.open-in-view is enabled by default. Therefore, database queries may be performed during view rendering. Explicitly configure spring.jpa.open-in-view to disable this warning
2025-10-23T18:16:27.217-04:00  INFO 2348 --- [PokemonBoot] [restartedMain] o.s.b.d.a.OptionalLiveReloadServer       : LiveReload server is running on port 35729
2025-10-23T18:16:27.248-04:00  INFO 2348 --- [PokemonBoot] [restartedMain] o.s.b.w.embedded.tomcat.TomcatWebServer  : Tomcat started on port 8080 (http) with context path '/'
2025-10-23T18:16:27.255-04:00  INFO 2348 --- [PokemonBoot] [restartedMain] o.y.pokemonboot.PokemonBootApplication   : Started PokemonBootApplication in 4.347 seconds (process running for 5.191)
2025-10-23T18:17:07.967-04:00  INFO 2348 --- [PokemonBoot] [http-nio-8080-exec-1] o.a.c.c.C.[Tomcat].[localhost].[/]       : Initializing Spring DispatcherServlet 'dispatcherServlet'
2025-10-23T18:17:07.968-04:00  INFO 2348 --- [PokemonBoot] [http-nio-8080-exec-1] o.s.web.servlet.DispatcherServlet        : Initializing Servlet 'dispatcherServlet'
2025-10-23T18:17:07.969-04:00  INFO 2348 --- [PokemonBoot] [http-nio-8080-exec-1] o.s.web.servlet.DispatcherServlet        : Completed initialization in 1 ms
2025-10-23T18:17:08.018-04:00  INFO 2348 --- [PokemonBoot] [http-nio-8080-exec-1] o.y.pokemonboot.aspect.PokemonAspect     : Method Started called: searchPokemon()
2025-10-23T18:17:08.292-04:00 ERROR 2348 --- [PokemonBoot] [http-nio-8080-exec-1] o.y.p.controller.PokemonController       : Pokemon not found Request made by username: 
2025-10-23T18:17:08.296-04:00  INFO 2348 --- [PokemonBoot] [http-nio-8080-exec-1] o.y.pokemonboot.aspect.PokemonAspect     : Method Ended called: searchPokemon()
2025-10-23T18:20:50.902-04:00  INFO 2348 --- [PokemonBoot] [SpringApplicationShutdownHook] o.s.b.w.e.tomcat.GracefulShutdown        : Commencing graceful shutdown. Waiting for active requests to complete
2025-10-23T18:20:50.934-04:00  INFO 2348 --- [PokemonBoot] [tomcat-shutdown] o.s.b.w.e.tomcat.GracefulShutdown        : Graceful shutdown complete
2025-10-23T18:20:50.944-04:00  INFO 2348 --- [PokemonBoot] [SpringApplicationShutdownHook] j.LocalContainerEntityManagerFactoryBean : Closing JPA EntityManagerFactory for persistence unit 'default'
2025-10-23T18:20:50.959-04:00  INFO 2348 --- [PokemonBoot] [SpringApplicationShutdownHook] com.zaxxer.hikari.HikariDataSource       : HikariPool-1 - Shutdown initiated...
2025-10-23T18:20:50.972-04:00  INFO 2348 --- [PokemonBoot] [SpringApplicationShutdownHook] com.zaxxer.hikari.HikariDataSource       : HikariPool-1 - Shutdown completed.
